
=== Fri Sep 13 18:46:28 2024

Packages were changed.
Update Mode: updateDependencies

The following packages were added:
  com.unity.2d.sprite@1.0.0
  com.unity.2d.tilemap@1.0.0
  com.unity.collab-proxy@2.3.1
  com.unity.ide.rider@3.0.28
  com.unity.ide.visualstudio@2.0.22
  com.unity.ide.vscode@1.2.5
  com.unity.modules.androidjni@1.0.0
  com.unity.test-framework@1.1.33
  com.unity.timeline@1.6.5
  com.unity.ugui@1.0.0
  com.unity.xr.legacyinputhelpers@2.1.10
The following packages were updated:
  com.unity.2d.pixel-perfect from version 1.0.1-preview to 5.0.3
  com.unity.textmeshpro from version 1.2.4 to 3.0.6
The following packages were removed:
  com.unity.package-manager-ui@1.9.11
